-- Found ament_cmake: 0.7.6 (/opt/ros/dashing/share/ament_cmake/cmake)
-- Found PythonInterp: /home/piai/anaconda3/bin/python3 (found suitable version "3.9.15", minimum required is "3") 
-- Using PYTHON_EXECUTABLE: /home/piai/anaconda3/bin/python3
-- Override CMake install command with custom implementation using symlinks instead of copying resources
-- Found builtin_interfaces: 0.7.4 (/opt/ros/dashing/share/builtin_interfaces/cmake)
-- Found rosidl_adapter: 0.7.10 (/opt/ros/dashing/share/rosidl_adapter/cmake)
-- Found rosidl_default_generators: 0.7.0 (/opt/ros/dashing/share/rosidl_default_generators/cmake)
-- Found PythonInterp: /home/piai/anaconda3/bin/python3 (found version "3.9.15") 
-- Using single matching rosidl_typesupport_c: rosidl_typesupport_fastrtps_c
-- Using single matching rosidl_typesupport_cpp: rosidl_typesupport_fastrtps_cpp
-- Found rmw_implementation_cmake: 0.7.2 (/opt/ros/dashing/share/rmw_implementation_cmake/cmake)
-- Found PythonInterp: /home/piai/anaconda3/bin/python3 (found suitable version "3.9.15", minimum required is "3.5") 
-- Found python_cmake_module: 0.7.11 (/opt/ros/dashing/share/python_cmake_module/cmake)
-- Found PythonLibs: /home/piai/anaconda3/lib/libpython3.9.so (found suitable version "3.9.15", minimum required is "3.5") 
-- Using PYTHON_EXECUTABLE: /home/piai/anaconda3/bin/python3
-- Using PYTHON_INCLUDE_DIRS: /home/piai/anaconda3/include/python3.9
-- Using PYTHON_LIBRARIES: /home/piai/anaconda3/lib/libpython3.9.so
-- Found PythonExtra: .so  
-- Using numpy include directory: /home/piai/anaconda3/lib/python3.9/site-packages/numpy/core/include
-- Configuring done
CMake Warning at /opt/ros/dashing/share/rosidl_generator_py/cmake/rosidl_generator_py_generate_interfaces.cmake:176 (add_library):
  Cannot generate a safe runtime search path for target
  dynamixel_sdk_custom_interfaces__python because files in some directories
  may conflict with libraries in implicit directories:

    runtime library [libssl.so.1.1] in /usr/lib/x86_64-linux-gnu may be hidden by files in:
      /home/piai/anaconda3/lib
    runtime library [libcrypto.so.1.1] in /usr/lib/x86_64-linux-gnu may be hidden by files in:
      /home/piai/anaconda3/lib

  Some of these libraries may not be found correctly.
Call Stack (most recent call first):
  /opt/ros/dashing/share/ament_cmake_core/cmake/core/ament_execute_extensions.cmake:48 (include)
  /opt/ros/dashing/share/rosidl_cmake/cmake/rosidl_generate_interfaces.cmake:286 (ament_execute_extensions)
  CMakeLists.txt:31 (rosidl_generate_interfaces)


CMake Warning at /opt/ros/dashing/share/rosidl_generator_py/cmake/rosidl_generator_py_generate_interfaces.cmake:229 (add_library):
  Cannot generate a safe runtime search path for target
  dynamixel_sdk_custom_interfaces__rosidl_typesupport_c__pyext because files
  in some directories may conflict with libraries in implicit directories:

    runtime library [libssl.so.1.1] in /usr/lib/x86_64-linux-gnu may be hidden by files in:
      /home/piai/anaconda3/lib
    runtime library [libcrypto.so.1.1] in /usr/lib/x86_64-linux-gnu may be hidden by files in:
      /home/piai/anaconda3/lib

  Some of these libraries may not be found correctly.
Call Stack (most recent call first):
  /opt/ros/dashing/share/ament_cmake_core/cmake/core/ament_execute_extensions.cmake:48 (include)
  /opt/ros/dashing/share/rosidl_cmake/cmake/rosidl_generate_interfaces.cmake:286 (ament_execute_extensions)
  CMakeLists.txt:31 (rosidl_generate_interfaces)


CMake Warning at /opt/ros/dashing/share/rosidl_generator_py/cmake/rosidl_generator_py_generate_interfaces.cmake:229 (add_library):
  Cannot generate a safe runtime search path for target
  dynamixel_sdk_custom_interfaces__rosidl_typesupport_fastrtps_c__pyext
  because files in some directories may conflict with libraries in implicit
  directories:

    runtime library [libssl.so.1.1] in /usr/lib/x86_64-linux-gnu may be hidden by files in:
      /home/piai/anaconda3/lib
    runtime library [libcrypto.so.1.1] in /usr/lib/x86_64-linux-gnu may be hidden by files in:
      /home/piai/anaconda3/lib

  Some of these libraries may not be found correctly.
Call Stack (most recent call first):
  /opt/ros/dashing/share/ament_cmake_core/cmake/core/ament_execute_extensions.cmake:48 (include)
  /opt/ros/dashing/share/rosidl_cmake/cmake/rosidl_generate_interfaces.cmake:286 (ament_execute_extensions)
  CMakeLists.txt:31 (rosidl_generate_interfaces)


-- Generating done
-- Build files have been written to: /home/piai/turtlebot3_ws/src/build/dynamixel_sdk_custom_interfaces
[35m[1mScanning dependencies of target dynamixel_sdk_custom_interfaces__cpp[0m
[  2%] [34m[1mGenerating C code for ROS interfaces[0m
[  5%] [34m[1mGenerating C++ code for ROS interfaces[0m
Traceback (most recent call last):
  File "/opt/ros/dashing/share/rosidl_generator_c/cmake/../../../lib/rosidl_generator_c/rosidl_generator_c", line 8, in <module>
    from rosidl_generator_c import generate_c
  File "/opt/ros/dashing/lib/python3.6/site-packages/rosidl_generator_c/__init__.py", line 15, in <module>
    from rosidl_cmake import convert_camel_case_to_lower_case_underscore
  File "/opt/ros/dashing/lib/python3.6/site-packages/rosidl_cmake/__init__.py", line 24, in <module>
    from rosidl_parser.parser import parse_idl_file
  File "/opt/ros/dashing/lib/python3.6/site-packages/rosidl_parser/parser.py", line 20, in <module>
    from lark import Lark
ModuleNotFoundError: No module named 'lark'
CMakeFiles/dynamixel_sdk_custom_interfaces__rosidl_generator_c.dir/build.make:77: recipe for target 'rosidl_generator_c/dynamixel_sdk_custom_interfaces/msg/set_position.h' failed
make[2]: *** [rosidl_generator_c/dynamixel_sdk_custom_interfaces/msg/set_position.h] Error 1
CMakeFiles/Makefile2:105: recipe for target 'CMakeFiles/dynamixel_sdk_custom_interfaces__rosidl_generator_c.dir/all' failed
make[1]: *** [CMakeFiles/dynamixel_sdk_custom_interfaces__rosidl_generator_c.dir/all] Error 2
make[1]: *** Waiting for unfinished jobs....
Traceback (most recent call last):
  File "/opt/ros/dashing/share/rosidl_generator_cpp/cmake/../../../lib/rosidl_generator_cpp/rosidl_generator_cpp", line 8, in <module>
    from rosidl_generator_cpp import generate_cpp
  File "/opt/ros/dashing/lib/python3.6/site-packages/rosidl_generator_cpp/__init__.py", line 17, in <module>
    from rosidl_cmake import generate_files
  File "/opt/ros/dashing/lib/python3.6/site-packages/rosidl_cmake/__init__.py", line 24, in <module>
    from rosidl_parser.parser import parse_idl_file
  File "/opt/ros/dashing/lib/python3.6/site-packages/rosidl_parser/parser.py", line 20, in <module>
    from lark import Lark
ModuleNotFoundError: No module named 'lark'
make[2]: *** [rosidl_generator_cpp/dynamixel_sdk_custom_interfaces/msg/set_position.hpp] Error 1
CMakeFiles/dynamixel_sdk_custom_interfaces__cpp.dir/build.make:78: recipe for target 'rosidl_generator_cpp/dynamixel_sdk_custom_interfaces/msg/set_position.hpp' failed
CMakeFiles/Makefile2:142: recipe for target 'CMakeFiles/dynamixel_sdk_custom_interfaces__cpp.dir/all' failed
make[1]: *** [CMakeFiles/dynamixel_sdk_custom_interfaces__cpp.dir/all] Error 2
Makefile:140: recipe for target 'all' failed
make: *** [all] Error 2
